<?xml version="1.0" encoding="UTF-8"?>
<!-- Generated by org.testng.reporters.JUnitXMLReporter -->
<testsuite ignored="0" hostname="LAPTOP-HFCG3HIS" failures="1" tests="3" name="Test" time="4.601" errors="0" timestamp="2025-03-12T11:01:59 IST">
  <testcase classname="signup_flow.New_Signup" name="signup_to_account" time="2.809">
    <failure type="org.openqa.selenium.ElementClickInterceptedException" message="element click intercepted: Element &amp;lt;input type=&amp;quot;tel&amp;quot; class=&amp;quot;form-control&amp;quot; placeholder=&amp;quot;Enter Phone number&amp;quot; id=&amp;quot;contactNoId&amp;quot; onkeypress=&amp;quot;if(event.keyCode&amp;lt;48 || event.keyCode&amp;gt;57)event.returnValue=false;$(this).signupFormtrack(&amp;apos;loginFormId&amp;apos;)&amp;quot; onpaste=&amp;quot;return false&amp;quot; onfocus=&amp;quot;errorObj.assign(&amp;apos;contactNoId&amp;apos;,&amp;apos;loginFormId&amp;apos;).onClick()&amp;quot; onblur=&amp;quot;errorObj.assign(&amp;apos;contactNoId&amp;apos;,&amp;apos;loginFormId&amp;apos;).emptyChecker(&amp;apos;Enter phone number&amp;apos;).patternChecker(&amp;apos;^[0-9]+$&amp;apos;,&amp;apos;Enter valid phone number&amp;apos;)&amp;quot;&amp;gt; is not clickable at point (1062, 319). Other element would receive the click: &amp;lt;div class=&amp;quot;login-body signup-form&amp;quot;&amp;gt;...&amp;lt;/div&amp;gt;
  (Session info: chrome=134.0.6998.36)
Build info: version: &amp;apos;4.27.0&amp;apos;, revision: &amp;apos;d6e718d134&amp;apos;
System info: os.name: &amp;apos;Windows 11&amp;apos;, os.arch: &amp;apos;amd64&amp;apos;, os.version: &amp;apos;10.0&amp;apos;, java.version: &amp;apos;23.0.1&amp;apos;
Driver info: org.openqa.selenium.chrome.ChromeDriver
Command: [683ef6b15a2ca96a0bc68191a4546ed4, clickElement {id=f.63564EE69AAC37CD22FD67630F12D92A.d.FFDEA65A00A49BC5F983322739D144E7.e.55}]
Capabilities {acceptInsecureCerts: false, browserName: chrome, browserVersion: 134.0.6998.36, chrome: {chromedriverVersion: 134.0.6998.88 (7e3d5c978c6d..., userDataDir: C:\Users\Waffor\AppData\Loc...}, fedcm:accounts: true, goog:chromeOptions: {debuggerAddress: localhost:61719}, networkConnectionEnabled: false, pageLoadStrategy: normal, platformName: windows, proxy: Proxy(), se:cdp: ws://localhost:61719/devtoo..., se:cdpVersion: 134.0.6998.36, setWindowRect: true, strictFileInteractability: false, timeouts: {implicit: 0, pageLoad: 300000, script: 30000}, unhandledPromptBehavior: dismiss and notify, webauthn:extension:credBlob: true, webauthn:extension:largeBlob: true, webauthn:extension:minPinLength: true, webauthn:extension:prf: true, webauthn:virtualAuthenticators: true}
Element: [[ChromeDriver: chrome on windows (683ef6b15a2ca96a0bc68191a4546ed4)] -&amp;gt; xpath: //input[@id=&amp;apos;contactNoId&amp;apos;]]
Session ID: 683ef6b15a2ca96a0bc68191a4546ed4">
      <![CDATA[org.openqa.selenium.ElementClickInterceptedException: element click intercepted: Element <input type="tel" class="form-control" placeholder="Enter Phone number" id="contactNoId" onkeypress="if(event.keyCode<48 || event.keyCode>57)event.returnValue=false;$(this).signupFormtrack('loginFormId')" onpaste="return false" onfocus="errorObj.assign('contactNoId','loginFormId').onClick()" onblur="errorObj.assign('contactNoId','loginFormId').emptyChecker('Enter phone number').patternChecker('^[0-9]+$','Enter valid phone number')"> is not clickable at point (1062, 319). Other element would receive the click: <div class="login-body signup-form">...</div>
  (Session info: chrome=134.0.6998.36)
Build info: version: '4.27.0', revision: 'd6e718d134'
System info: os.name: 'Windows 11', os.arch: 'amd64', os.version: '10.0', java.version: '23.0.1'
Driver info: org.openqa.selenium.chrome.ChromeDriver
Command: [683ef6b15a2ca96a0bc68191a4546ed4, clickElement {id=f.63564EE69AAC37CD22FD67630F12D92A.d.FFDEA65A00A49BC5F983322739D144E7.e.55}]
Capabilities {acceptInsecureCerts: false, browserName: chrome, browserVersion: 134.0.6998.36, chrome: {chromedriverVersion: 134.0.6998.88 (7e3d5c978c6d..., userDataDir: C:\Users\Waffor\AppData\Loc...}, fedcm:accounts: true, goog:chromeOptions: {debuggerAddress: localhost:61719}, networkConnectionEnabled: false, pageLoadStrategy: normal, platformName: windows, proxy: Proxy(), se:cdp: ws://localhost:61719/devtoo..., se:cdpVersion: 134.0.6998.36, setWindowRect: true, strictFileInteractability: false, timeouts: {implicit: 0, pageLoad: 300000, script: 30000}, unhandledPromptBehavior: dismiss and notify, webauthn:extension:credBlob: true, webauthn:extension:largeBlob: true, webauthn:extension:minPinLength: true, webauthn:extension:prf: true, webauthn:virtualAuthenticators: true}
Element: [[ChromeDriver: chrome on windows (683ef6b15a2ca96a0bc68191a4546ed4)] -> xpath: //input[@id='contactNoId']]
Session ID: 683ef6b15a2ca96a0bc68191a4546ed4
at org.openqa.selenium.remote.ErrorCodec.decode(ErrorCodec.java:167)
at org.openqa.selenium.remote.codec.w3c.W3CHttpResponseCodec.decode(W3CHttpResponseCodec.java:138)
at org.openqa.selenium.remote.codec.w3c.W3CHttpResponseCodec.decode(W3CHttpResponseCodec.java:50)
at org.openqa.selenium.remote.HttpCommandExecutor.execute(HttpCommandExecutor.java:190)
at org.openqa.selenium.remote.service.DriverCommandExecutor.invokeExecute(DriverCommandExecutor.java:216)
at org.openqa.selenium.remote.service.DriverCommandExecutor.execute(DriverCommandExecutor.java:174)
at org.openqa.selenium.remote.RemoteWebDriver.execute(RemoteWebDriver.java:545)
at org.openqa.selenium.remote.RemoteWebElement.execute(RemoteWebElement.java:223)
at org.openqa.selenium.remote.RemoteWebElement.click(RemoteWebElement.java:76)
at signup_flow.New_Signup.signup_to_account(New_Signup.java:56)
at java.base/java.util.ArrayList.forEach(ArrayList.java:1597)
... Removed 28 stack frames]]>
    </failure>
  </testcase> <!-- signup_to_account -->
  <testcase classname="signup_flow.New_Signup" name="set_account" time="0.0">
    <skipped/>
  </testcase> <!-- set_account -->
  <testcase classname="signup_flow.New_Signup" name="skipTour" time="0.0">
    <skipped/>
  </testcase> <!-- skipTour -->
</testsuite> <!-- Test -->
